<?xml version="1.0" encoding="UTF-8"?>
<testng-results ignored="0" total="2" passed="1" failed="1" skipped="0">
  <reporter-output>
  </reporter-output>
  <suite started-at="2021-02-09T18:08:54 IST" name="Default suite" finished-at="2021-02-09T18:08:54 IST" duration-ms="434">
    <groups>
    </groups>
    <test started-at="2021-02-09T18:08:54 IST" name="Default test" finished-at="2021-02-09T18:08:54 IST" duration-ms="434">
      <class name="CustomerApp_Package.TestScripts_Folder.PatientScripts.CreatePatient">
        <test-method is-config="true" signature="setBaseURI()[pri:0, instance:CustomerApp_Package.TestScripts_Folder.PatientScripts.CreatePatient@16c8b7bd]" started-at="2021-02-09T18:08:52 IST" name="setBaseURI" finished-at="2021-02-09T18:08:54 IST" duration-ms="1327" status="PASS">
          <reporter-output>
          </reporter-output>
        </test-method> <!-- setBaseURI -->
        <test-method signature="createNewPatient(java.lang.String)[pri:0, instance:CustomerApp_Package.TestScripts_Folder.PatientScripts.CreatePatient@16c8b7bd]" started-at="2021-02-09T18:08:54 IST" name="createNewPatient" description="Create New Patient in DB" data-provider="payload" finished-at="2021-02-09T18:08:54 IST" duration-ms="0" status="FAIL">
          <exception class="org.testng.TestNGException">
            <message>
              <![CDATA[
Data Provider public java.lang.String CustomerApp_Package.TestScripts_Folder.PatientScripts.CreatePatient.payload() throws java.io.IOException,org.json.simple.parser.ParseException must return either Object[][] or Object[] or Iterator<Object[]> or Iterator<Object>, not class java.lang.String]]>
            </message>
            <full-stacktrace>
              <![CDATA[org.testng.TestNGException: 
Data Provider public java.lang.String CustomerApp_Package.TestScripts_Folder.PatientScripts.CreatePatient.payload() throws java.io.IOException,org.json.simple.parser.ParseException must return either Object[][] or Object[] or Iterator<Object[]> or Iterator<Object>, not class java.lang.String
at org.testng.internal.MethodInvocationHelper.invokeDataProvider(MethodInvocationHelper.java:174)
at org.testng.internal.Parameters.handleParameters(Parameters.java:797)
at org.testng.internal.Parameters.handleParameters(Parameters.java:740)
at org.testng.internal.ParameterHandler.handleParameters(ParameterHandler.java:59)
at org.testng.internal.ParameterHandler.createParameters(ParameterHandler.java:38)
at org.testng.internal.TestInvoker$MethodInvocationAgent.invoke(TestInvoker.java:789)
at org.testng.internal.TestInvoker.invokeTestMethods(TestInvoker.java:147)
at org.testng.internal.TestMethodWorker.invokeTestMethods(TestMethodWorker.java:146)
at org.testng.internal.TestMethodWorker.run(TestMethodWorker.java:128)
at java.base/java.util.ArrayList.forEach(ArrayList.java:1511)
at org.testng.TestRunner.privateRun(TestRunner.java:764)
at org.testng.TestRunner.run(TestRunner.java:585)
at org.testng.SuiteRunner.runTest(SuiteRunner.java:384)
at org.testng.SuiteRunner.runSequentially(SuiteRunner.java:378)
at org.testng.SuiteRunner.privateRun(SuiteRunner.java:337)
at org.testng.SuiteRunner.run(SuiteRunner.java:286)
at org.testng.SuiteRunnerWorker.runSuite(SuiteRunnerWorker.java:53)
at org.testng.SuiteRunnerWorker.run(SuiteRunnerWorker.java:96)
at org.testng.TestNG.runSuitesSequentially(TestNG.java:1218)
at org.testng.TestNG.runSuitesLocally(TestNG.java:1140)
at org.testng.TestNG.runSuites(TestNG.java:1069)
at org.testng.TestNG.run(TestNG.java:1037)
at org.testng.remote.AbstractRemoteTestNG.run(AbstractRemoteTestNG.java:115)
at org.testng.remote.RemoteTestNG.initAndRun(RemoteTestNG.java:251)
at org.testng.remote.RemoteTestNG.main(RemoteTestNG.java:77)
]]>
            </full-stacktrace>
          </exception> <!-- org.testng.TestNGException -->
          <reporter-output>
          </reporter-output>
        </test-method> <!-- createNewPatient -->
        <test-method is-config="true" signature="beforeMethod()[pri:0, instance:CustomerApp_Package.TestScripts_Folder.PatientScripts.CreatePatient@16c8b7bd]" started-at="2021-02-09T18:08:54 IST" name="beforeMethod" finished-at="2021-02-09T18:08:54 IST" duration-ms="92" status="PASS">
          <reporter-output>
          </reporter-output>
        </test-method> <!-- beforeMethod -->
        <test-method signature="test1()[pri:0, instance:CustomerApp_Package.TestScripts_Folder.PatientScripts.CreatePatient@16c8b7bd]" started-at="2021-02-09T18:08:54 IST" name="test1" finished-at="2021-02-09T18:08:54 IST" duration-ms="4" status="PASS">
          <reporter-output>
          </reporter-output>
        </test-method> <!-- test1 -->
      </class> <!-- CustomerApp_Package.TestScripts_Folder.PatientScripts.CreatePatient -->
    </test> <!-- Default test -->
  </suite> <!-- Default suite -->
</testng-results>
